[Sun Oct 06 23:32:56.030394 2024] [ssl:warn] [pid 3016:tid 380] AH01909: www.example.com:443:0 server certificate does NOT include an ID which matches the server name
[Sun Oct 06 23:32:56.078916 2024] [ssl:warn] [pid 3016:tid 380] AH01909: www.example.com:443:0 server certificate does NOT include an ID which matches the server name
[Sun Oct 06 23:32:56.170421 2024] [mpm_winnt:notice] [pid 3016:tid 380] AH00455: Apache/2.4.58 (Win64) OpenSSL/3.1.3 PHP/8.0.30 configured -- resuming normal operations
[Sun Oct 06 23:32:56.170421 2024] [mpm_winnt:notice] [pid 3016:tid 380] AH00456: Apache Lounge VS17 Server built: Oct 18 2023 13:03:18
[Sun Oct 06 23:32:56.170421 2024] [core:notice] [pid 3016:tid 380] AH00094: Command line: 'C:\\xampp\\apache\\bin\\httpd.exe -d C:/xampp/apache'
[Sun Oct 06 23:32:56.179590 2024] [mpm_winnt:notice] [pid 3016:tid 380] AH00418: Parent: Created child process 9180
[Sun Oct 06 23:32:56.824855 2024] [ssl:warn] [pid 9180:tid 388] AH01909: www.example.com:443:0 server certificate does NOT include an ID which matches the server name
[Sun Oct 06 23:32:56.875656 2024] [ssl:warn] [pid 9180:tid 388] AH01909: www.example.com:443:0 server certificate does NOT include an ID which matches the server name
[Sun Oct 06 23:32:56.905376 2024] [mpm_winnt:notice] [pid 9180:tid 388] AH00354: Child: Starting 150 worker threads.
[Mon Oct 07 00:06:01.317939 2024] [php:error] [pid 9180:tid 1940] [client ::1:51033] PHP Fatal error:  Uncaught Error: Call to undefined function oci_connect() in C:\\xampp\\htdocs\\HotelMonaco\\Php\\conexion.php:12\nStack trace:\n#0 {main}\n  thrown in C:\\xampp\\htdocs\\HotelMonaco\\Php\\conexion.php on line 12
[Mon Oct 07 00:12:01.118277 2024] [php:error] [pid 9180:tid 1940] [client ::1:51103] PHP Fatal error:  Uncaught Error: Call to undefined function oci_connect() in C:\\xampp\\htdocs\\HotelMonaco\\Php\\conexion.php:12\nStack trace:\n#0 {main}\n  thrown in C:\\xampp\\htdocs\\HotelMonaco\\Php\\conexion.php on line 12
[Mon Oct 07 00:15:04.051736 2024] [php:error] [pid 9180:tid 1940] [client ::1:51136] PHP Fatal error:  Uncaught Error: Call to undefined function oci_connect() in C:\\xampp\\htdocs\\HotelMonaco\\Php\\conexion.php:12\nStack trace:\n#0 {main}\n  thrown in C:\\xampp\\htdocs\\HotelMonaco\\Php\\conexion.php on line 12
[Mon Oct 07 00:15:51.072281 2024] [php:error] [pid 9180:tid 1940] [client ::1:51152] PHP Fatal error:  Uncaught Error: Call to undefined function oci_connect() in C:\\xampp\\htdocs\\HotelMonaco\\Php\\conexion.php:12\nStack trace:\n#0 {main}\n  thrown in C:\\xampp\\htdocs\\HotelMonaco\\Php\\conexion.php on line 12
[Mon Oct 07 00:16:00.933188 2024] [php:error] [pid 9180:tid 1940] [client ::1:51155] PHP Fatal error:  Uncaught Error: Call to undefined function oci_connect() in C:\\xampp\\htdocs\\HotelMonaco\\Php\\conexion.php:12\nStack trace:\n#0 {main}\n  thrown in C:\\xampp\\htdocs\\HotelMonaco\\Php\\conexion.php on line 12
[Mon Oct 07 00:22:39.578057 2024] [php:error] [pid 9180:tid 1940] [client ::1:51264] PHP Fatal error:  Uncaught Error: Call to undefined function oci_connect() in C:\\xampp\\htdocs\\HotelMonaco\\Php\\conexion.php:12\nStack trace:\n#0 {main}\n  thrown in C:\\xampp\\htdocs\\HotelMonaco\\Php\\conexion.php on line 12
[Mon Oct 07 00:35:03.507180 2024] [php:error] [pid 9180:tid 1928] [client ::1:52607] PHP Fatal error:  Uncaught Error: Call to undefined function oci_connect() in C:\\xampp\\htdocs\\HotelMonaco\\Php\\conexion.php:12\nStack trace:\n#0 {main}\n  thrown in C:\\xampp\\htdocs\\HotelMonaco\\Php\\conexion.php on line 12
[Mon Oct 07 00:41:51.569562 2024] [php:error] [pid 9180:tid 1940] [client ::1:54836] PHP Fatal error:  Uncaught Error: Call to undefined function oci_connect() in C:\\xampp\\htdocs\\HotelMonaco\\Php\\ConsultarInformaciosHuesped.php:12\nStack trace:\n#0 {main}\n  thrown in C:\\xampp\\htdocs\\HotelMonaco\\Php\\ConsultarInformaciosHuesped.php on line 12
[Mon Oct 07 00:41:51.729280 2024] [php:error] [pid 9180:tid 1940] [client ::1:54836] PHP Fatal error:  Uncaught Error: Call to undefined function oci_connect() in C:\\xampp\\htdocs\\HotelMonaco\\Php\\ConsultarInformaciosHuesped.php:12\nStack trace:\n#0 {main}\n  thrown in C:\\xampp\\htdocs\\HotelMonaco\\Php\\ConsultarInformaciosHuesped.php on line 12
[Mon Oct 07 00:46:31.136135 2024] [php:error] [pid 9180:tid 1932] [client ::1:49849] PHP Fatal error:  Uncaught Error: Call to undefined function oci_connect() in C:\\xampp\\htdocs\\HotelMonaco\\Php\\conexion.php:12\nStack trace:\n#0 {main}\n  thrown in C:\\xampp\\htdocs\\HotelMonaco\\Php\\conexion.php on line 12
[Mon Oct 07 00:48:29.710075 2024] [php:error] [pid 9180:tid 1932] [client ::1:50398] PHP Fatal error:  Uncaught Error: Call to undefined function oci_connect() in C:\\xampp\\htdocs\\HotelMonaco\\Php\\conexion.php:12\nStack trace:\n#0 {main}\n  thrown in C:\\xampp\\htdocs\\HotelMonaco\\Php\\conexion.php on line 12
[Mon Oct 07 00:48:57.538661 2024] [php:error] [pid 9180:tid 1932] [client ::1:50495] PHP Fatal error:  Uncaught Error: Call to undefined function oci_connect() in C:\\xampp\\htdocs\\HotelMonaco\\Php\\conexion.php:12\nStack trace:\n#0 {main}\n  thrown in C:\\xampp\\htdocs\\HotelMonaco\\Php\\conexion.php on line 12
[Mon Oct 07 01:08:12.097936 2024] [php:error] [pid 9180:tid 1932] [client ::1:65357] PHP Fatal error:  Uncaught Error: Call to undefined function oci_connect() in C:\\xampp\\htdocs\\HotelMonaco\\Php\\conexion.php:12\nStack trace:\n#0 {main}\n  thrown in C:\\xampp\\htdocs\\HotelMonaco\\Php\\conexion.php on line 12
[Mon Oct 07 01:08:38.149941 2024] [php:error] [pid 9180:tid 1932] [client ::1:49240] PHP Fatal error:  Uncaught Error: Call to undefined function oci_connect() in C:\\xampp\\htdocs\\HotelMonaco\\Php\\ConsultarInformaciosHuesped.php:12\nStack trace:\n#0 {main}\n  thrown in C:\\xampp\\htdocs\\HotelMonaco\\Php\\ConsultarInformaciosHuesped.php on line 12
[Mon Oct 07 07:48:19.139766 2024] [ssl:warn] [pid 19032:tid 408] AH01909: www.example.com:443:0 server certificate does NOT include an ID which matches the server name
[Mon Oct 07 07:48:19.167527 2024] [ssl:warn] [pid 19032:tid 408] AH01909: www.example.com:443:0 server certificate does NOT include an ID which matches the server name
PHP Warning:  PHP Startup: Unable to load dynamic library 'oci8_12c' (tried: C:\\xampp\\php\\ext\\oci8_12c (No se puede encontrar el m\xc3\xb3dulo especificado), C:\\xampp\\php\\ext\\php_oci8_12c.dll (No se puede encontrar el m\xc3\xb3dulo especificado)) in Unknown on line 0
[Mon Oct 07 07:48:19.450731 2024] [mpm_winnt:notice] [pid 19032:tid 408] AH00455: Apache/2.4.58 (Win64) OpenSSL/3.1.3 PHP/8.0.30 configured -- resuming normal operations
[Mon Oct 07 07:48:19.450731 2024] [mpm_winnt:notice] [pid 19032:tid 408] AH00456: Apache Lounge VS17 Server built: Oct 18 2023 13:03:18
[Mon Oct 07 07:48:19.450731 2024] [core:notice] [pid 19032:tid 408] AH00094: Command line: 'c:\\xampp\\apache\\bin\\httpd.exe -d C:/xampp/apache'
[Mon Oct 07 07:48:19.454277 2024] [mpm_winnt:notice] [pid 19032:tid 408] AH00418: Parent: Created child process 17232
[Mon Oct 07 07:48:19.668456 2024] [ssl:warn] [pid 17232:tid 388] AH01909: www.example.com:443:0 server certificate does NOT include an ID which matches the server name
[Mon Oct 07 07:48:19.694287 2024] [ssl:warn] [pid 17232:tid 388] AH01909: www.example.com:443:0 server certificate does NOT include an ID which matches the server name
PHP Warning:  PHP Startup: Unable to load dynamic library 'oci8_12c' (tried: C:\\xampp\\php\\ext\\oci8_12c (No se puede encontrar el m\xc3\xb3dulo especificado), C:\\xampp\\php\\ext\\php_oci8_12c.dll (No se puede encontrar el m\xc3\xb3dulo especificado)) in Unknown on line 0
[Mon Oct 07 07:48:19.715666 2024] [mpm_winnt:notice] [pid 17232:tid 388] AH00354: Child: Starting 150 worker threads.
[Fri Oct 18 21:29:22.416436 2024] [ssl:warn] [pid 13308:tid 416] AH01909: www.example.com:443:0 server certificate does NOT include an ID which matches the server name
[Fri Oct 18 21:29:22.436831 2024] [core:warn] [pid 13308:tid 416] AH00098: pid file C:/xampp/apache/logs/httpd.pid overwritten -- Unclean shutdown of previous Apache run?
[Fri Oct 18 21:29:22.438843 2024] [ssl:warn] [pid 13308:tid 416] AH01909: www.example.com:443:0 server certificate does NOT include an ID which matches the server name
PHP Warning:  PHP Startup: Unable to load dynamic library 'oci8_12c' (tried: C:\\xampp\\php\\ext\\oci8_12c (No se puede encontrar el m\xc3\xb3dulo especificado), C:\\xampp\\php\\ext\\php_oci8_12c.dll (No se puede encontrar el m\xc3\xb3dulo especificado)) in Unknown on line 0
[Fri Oct 18 21:29:22.927159 2024] [mpm_winnt:notice] [pid 13308:tid 416] AH00455: Apache/2.4.58 (Win64) OpenSSL/3.1.3 PHP/8.0.30 configured -- resuming normal operations
[Fri Oct 18 21:29:22.928150 2024] [mpm_winnt:notice] [pid 13308:tid 416] AH00456: Apache Lounge VS17 Server built: Oct 18 2023 13:03:18
[Fri Oct 18 21:29:22.928150 2024] [core:notice] [pid 13308:tid 416] AH00094: Command line: 'c:\\xampp\\apache\\bin\\httpd.exe -d C:/xampp/apache'
[Fri Oct 18 21:29:22.932074 2024] [mpm_winnt:notice] [pid 13308:tid 416] AH00418: Parent: Created child process 20412
[Fri Oct 18 21:29:23.120954 2024] [ssl:warn] [pid 20412:tid 388] AH01909: www.example.com:443:0 server certificate does NOT include an ID which matches the server name
[Fri Oct 18 21:29:23.144424 2024] [ssl:warn] [pid 20412:tid 388] AH01909: www.example.com:443:0 server certificate does NOT include an ID which matches the server name
PHP Warning:  PHP Startup: Unable to load dynamic library 'oci8_12c' (tried: C:\\xampp\\php\\ext\\oci8_12c (No se puede encontrar el m\xc3\xb3dulo especificado), C:\\xampp\\php\\ext\\php_oci8_12c.dll (No se puede encontrar el m\xc3\xb3dulo especificado)) in Unknown on line 0
[Fri Oct 18 21:29:23.161523 2024] [mpm_winnt:notice] [pid 20412:tid 388] AH00354: Child: Starting 150 worker threads.
[Fri Oct 18 21:29:37.041764 2024] [php:warn] [pid 20412:tid 1980] [client ::1:61738] PHP Warning:  oci_execute(): ORA-01400: no se puede realizar una inserci\xef\xbf\xbdn NULL en (&quot;SYSTEM&quot;.&quot;HUESPED&quot;.&quot;DIRECCION&quot;) in C:\\xampp\\htdocs\\HotelMonaco\\Php\\conexion.php on line 68
[Fri Oct 18 21:29:37.433952 2024] [php:warn] [pid 20412:tid 1980] [client ::1:61738] PHP Warning:  oci_execute(): ORA-01400: no se puede realizar una inserci\xef\xbf\xbdn NULL en (&quot;SYSTEM&quot;.&quot;HUESPED&quot;.&quot;DIRECCION&quot;) in C:\\xampp\\htdocs\\HotelMonaco\\Php\\conexion.php on line 68
[Fri Oct 18 21:31:39.889970 2024] [php:warn] [pid 20412:tid 1980] [client ::1:61853] PHP Warning:  oci_execute(): ORA-00904: &quot;COMPLEMENTODIRECCION&quot;: identificador no v\xef\xbf\xbdlido in C:\\xampp\\htdocs\\HotelMonaco\\Php\\conexion.php on line 81
[Fri Oct 18 21:31:46.946616 2024] [php:warn] [pid 20412:tid 1980] [client ::1:61855] PHP Warning:  oci_execute(): ORA-00904: &quot;COMPLEMENTODIRECCION&quot;: identificador no v\xef\xbf\xbdlido in C:\\xampp\\htdocs\\HotelMonaco\\Php\\conexion.php on line 81
[Fri Oct 18 21:31:48.093565 2024] [php:warn] [pid 20412:tid 1980] [client ::1:61855] PHP Warning:  oci_execute(): ORA-00904: &quot;COMPLEMENTODIRECCION&quot;: identificador no v\xef\xbf\xbdlido in C:\\xampp\\htdocs\\HotelMonaco\\Php\\conexion.php on line 81
[Fri Oct 18 21:31:48.766727 2024] [php:warn] [pid 20412:tid 1980] [client ::1:61855] PHP Warning:  oci_execute(): ORA-00904: &quot;COMPLEMENTODIRECCION&quot;: identificador no v\xef\xbf\xbdlido in C:\\xampp\\htdocs\\HotelMonaco\\Php\\conexion.php on line 81
[Fri Oct 18 21:31:49.481792 2024] [php:warn] [pid 20412:tid 1980] [client ::1:61855] PHP Warning:  oci_execute(): ORA-00904: &quot;COMPLEMENTODIRECCION&quot;: identificador no v\xef\xbf\xbdlido in C:\\xampp\\htdocs\\HotelMonaco\\Php\\conexion.php on line 81
[Fri Oct 18 21:31:50.133209 2024] [php:warn] [pid 20412:tid 1980] [client ::1:61855] PHP Warning:  oci_execute(): ORA-00904: &quot;COMPLEMENTODIRECCION&quot;: identificador no v\xef\xbf\xbdlido in C:\\xampp\\htdocs\\HotelMonaco\\Php\\conexion.php on line 81
[Fri Oct 18 21:31:50.775487 2024] [php:warn] [pid 20412:tid 1980] [client ::1:61855] PHP Warning:  oci_execute(): ORA-00904: &quot;COMPLEMENTODIRECCION&quot;: identificador no v\xef\xbf\xbdlido in C:\\xampp\\htdocs\\HotelMonaco\\Php\\conexion.php on line 81
[Fri Oct 18 21:32:48.071271 2024] [php:warn] [pid 20412:tid 1980] [client ::1:61876] PHP Warning:  oci_execute(): ORA-00904: &quot;COMPLEMENTODIRECCION&quot;: identificador no v\xef\xbf\xbdlido in C:\\xampp\\htdocs\\HotelMonaco\\Php\\conexion.php on line 81
[Fri Oct 18 21:32:53.982904 2024] [php:warn] [pid 20412:tid 1980] [client ::1:61879] PHP Warning:  oci_execute(): ORA-00904: &quot;COMPLEMENTODIRECCION&quot;: identificador no v\xef\xbf\xbdlido in C:\\xampp\\htdocs\\HotelMonaco\\Php\\conexion.php on line 81
[Fri Oct 18 21:33:49.151760 2024] [php:warn] [pid 20412:tid 1980] [client ::1:61925] PHP Warning:  oci_execute(): ORA-00904: &quot;COMPLEMENTODIRECCION&quot;: identificador no v\xef\xbf\xbdlido in C:\\xampp\\htdocs\\HotelMonaco\\Php\\conexion.php on line 81
[Fri Oct 18 21:35:45.132674 2024] [php:warn] [pid 20412:tid 1980] [client ::1:62002] PHP Warning:  oci_execute(): ORA-00904: &quot;COMPLEMENTODIRECCION&quot;: identificador no v\xef\xbf\xbdlido in C:\\xampp\\htdocs\\HotelMonaco\\Php\\modificarHuesped.php on line 36
[Fri Oct 18 21:35:45.132674 2024] [php:warn] [pid 20412:tid 1980] [client ::1:62002] PHP Warning:  oci_fetch_assoc(): ORA-24374: definici\xef\xbf\xbdn no realizada antes de recuperar o de ejecutar y recuperar in C:\\xampp\\htdocs\\HotelMonaco\\Php\\modificarHuesped.php on line 37
[Fri Oct 18 21:38:23.310012 2024] [php:warn] [pid 20412:tid 1980] [client ::1:62153] PHP Warning:  oci_execute(): ORA-00904: &quot;COMPLEMENTODIRECCION&quot;: identificador no v\xef\xbf\xbdlido in C:\\xampp\\htdocs\\HotelMonaco\\Php\\modificarHuesped.php on line 36
[Fri Oct 18 21:38:23.310012 2024] [php:warn] [pid 20412:tid 1980] [client ::1:62153] PHP Warning:  oci_fetch_assoc(): ORA-24374: definici\xef\xbf\xbdn no realizada antes de recuperar o de ejecutar y recuperar in C:\\xampp\\htdocs\\HotelMonaco\\Php\\modificarHuesped.php on line 37
[Fri Oct 18 21:38:24.096375 2024] [php:warn] [pid 20412:tid 1980] [client ::1:62153] PHP Warning:  oci_execute(): ORA-00904: &quot;COMPLEMENTODIRECCION&quot;: identificador no v\xef\xbf\xbdlido in C:\\xampp\\htdocs\\HotelMonaco\\Php\\modificarHuesped.php on line 36
[Fri Oct 18 21:38:24.096375 2024] [php:warn] [pid 20412:tid 1980] [client ::1:62153] PHP Warning:  oci_fetch_assoc(): ORA-24374: definici\xef\xbf\xbdn no realizada antes de recuperar o de ejecutar y recuperar in C:\\xampp\\htdocs\\HotelMonaco\\Php\\modificarHuesped.php on line 37
[Fri Oct 18 21:38:24.848066 2024] [php:warn] [pid 20412:tid 1980] [client ::1:62153] PHP Warning:  oci_execute(): ORA-00904: &quot;COMPLEMENTODIRECCION&quot;: identificador no v\xef\xbf\xbdlido in C:\\xampp\\htdocs\\HotelMonaco\\Php\\modificarHuesped.php on line 36
[Fri Oct 18 21:38:24.848066 2024] [php:warn] [pid 20412:tid 1980] [client ::1:62153] PHP Warning:  oci_fetch_assoc(): ORA-24374: definici\xef\xbf\xbdn no realizada antes de recuperar o de ejecutar y recuperar in C:\\xampp\\htdocs\\HotelMonaco\\Php\\modificarHuesped.php on line 37
[Fri Oct 18 21:38:35.253298 2024] [php:warn] [pid 20412:tid 1980] [client ::1:62159] PHP Warning:  oci_execute(): ORA-00904: &quot;COMPLEMENTODIRECCION&quot;: identificador no v\xef\xbf\xbdlido in C:\\xampp\\htdocs\\HotelMonaco\\Php\\modificarHuesped.php on line 36
[Fri Oct 18 21:38:35.253298 2024] [php:warn] [pid 20412:tid 1980] [client ::1:62159] PHP Warning:  oci_fetch_assoc(): ORA-24374: definici\xef\xbf\xbdn no realizada antes de recuperar o de ejecutar y recuperar in C:\\xampp\\htdocs\\HotelMonaco\\Php\\modificarHuesped.php on line 37
[Fri Oct 18 21:38:36.106476 2024] [php:warn] [pid 20412:tid 1980] [client ::1:62159] PHP Warning:  oci_execute(): ORA-00904: &quot;COMPLEMENTODIRECCION&quot;: identificador no v\xef\xbf\xbdlido in C:\\xampp\\htdocs\\HotelMonaco\\Php\\modificarHuesped.php on line 36
[Fri Oct 18 21:38:36.106476 2024] [php:warn] [pid 20412:tid 1980] [client ::1:62159] PHP Warning:  oci_fetch_assoc(): ORA-24374: definici\xef\xbf\xbdn no realizada antes de recuperar o de ejecutar y recuperar in C:\\xampp\\htdocs\\HotelMonaco\\Php\\modificarHuesped.php on line 37
[Fri Oct 18 21:39:20.435163 2024] [ssl:warn] [pid 15008:tid 396] AH01909: www.example.com:443:0 server certificate does NOT include an ID which matches the server name
[Fri Oct 18 21:39:20.459044 2024] [core:warn] [pid 15008:tid 396] AH00098: pid file C:/xampp/apache/logs/httpd.pid overwritten -- Unclean shutdown of previous Apache run?
[Fri Oct 18 21:39:20.460539 2024] [ssl:warn] [pid 15008:tid 396] AH01909: www.example.com:443:0 server certificate does NOT include an ID which matches the server name
PHP Warning:  PHP Startup: Unable to load dynamic library 'oci8_12c' (tried: C:\\xampp\\php\\ext\\oci8_12c (No se puede encontrar el m\xc3\xb3dulo especificado), C:\\xampp\\php\\ext\\php_oci8_12c.dll (No se puede encontrar el m\xc3\xb3dulo especificado)) in Unknown on line 0
[Fri Oct 18 21:39:20.478489 2024] [mpm_winnt:notice] [pid 15008:tid 396] AH00455: Apache/2.4.58 (Win64) OpenSSL/3.1.3 PHP/8.0.30 configured -- resuming normal operations
[Fri Oct 18 21:39:20.478489 2024] [mpm_winnt:notice] [pid 15008:tid 396] AH00456: Apache Lounge VS17 Server built: Oct 18 2023 13:03:18
[Fri Oct 18 21:39:20.478489 2024] [core:notice] [pid 15008:tid 396] AH00094: Command line: 'c:\\xampp\\apache\\bin\\httpd.exe -d C:/xampp/apache'
[Fri Oct 18 21:39:20.482471 2024] [mpm_winnt:notice] [pid 15008:tid 396] AH00418: Parent: Created child process 7772
[Fri Oct 18 21:39:20.672682 2024] [ssl:warn] [pid 7772:tid 412] AH01909: www.example.com:443:0 server certificate does NOT include an ID which matches the server name
[Fri Oct 18 21:39:20.698146 2024] [ssl:warn] [pid 7772:tid 412] AH01909: www.example.com:443:0 server certificate does NOT include an ID which matches the server name
PHP Warning:  PHP Startup: Unable to load dynamic library 'oci8_12c' (tried: C:\\xampp\\php\\ext\\oci8_12c (No se puede encontrar el m\xc3\xb3dulo especificado), C:\\xampp\\php\\ext\\php_oci8_12c.dll (No se puede encontrar el m\xc3\xb3dulo especificado)) in Unknown on line 0
[Fri Oct 18 21:39:20.715378 2024] [mpm_winnt:notice] [pid 7772:tid 412] AH00354: Child: Starting 150 worker threads.
[Fri Oct 18 21:39:37.096449 2024] [php:warn] [pid 7772:tid 1980] [client ::1:62201] PHP Warning:  oci_execute(): ORA-00904: &quot;COMPLEMENTODIRECCION&quot;: identificador no v\xef\xbf\xbdlido in C:\\xampp\\htdocs\\HotelMonaco\\Php\\modificarHuesped.php on line 36
[Fri Oct 18 21:39:37.096449 2024] [php:warn] [pid 7772:tid 1980] [client ::1:62201] PHP Warning:  oci_fetch_assoc(): ORA-24374: definici\xef\xbf\xbdn no realizada antes de recuperar o de ejecutar y recuperar in C:\\xampp\\htdocs\\HotelMonaco\\Php\\modificarHuesped.php on line 37
[Fri Oct 18 21:39:53.264907 2024] [php:warn] [pid 7772:tid 1980] [client ::1:62206] PHP Warning:  oci_execute(): ORA-00904: &quot;COMPLEMENTODIRECCION&quot;: identificador no v\xef\xbf\xbdlido in C:\\xampp\\htdocs\\HotelMonaco\\Php\\modificarHuesped.php on line 36
[Fri Oct 18 21:39:53.264907 2024] [php:warn] [pid 7772:tid 1980] [client ::1:62206] PHP Warning:  oci_fetch_assoc(): ORA-24374: definici\xef\xbf\xbdn no realizada antes de recuperar o de ejecutar y recuperar in C:\\xampp\\htdocs\\HotelMonaco\\Php\\modificarHuesped.php on line 37
[Fri Oct 18 21:39:55.984590 2024] [php:warn] [pid 7772:tid 1980] [client ::1:62206] PHP Warning:  oci_execute(): ORA-00904: &quot;COMPLEMENTODIRECCION&quot;: identificador no v\xef\xbf\xbdlido in C:\\xampp\\htdocs\\HotelMonaco\\Php\\modificarHuesped.php on line 36
[Fri Oct 18 21:39:55.985592 2024] [php:warn] [pid 7772:tid 1980] [client ::1:62206] PHP Warning:  oci_fetch_assoc(): ORA-24374: definici\xef\xbf\xbdn no realizada antes de recuperar o de ejecutar y recuperar in C:\\xampp\\htdocs\\HotelMonaco\\Php\\modificarHuesped.php on line 37
[Fri Oct 18 21:41:52.289994 2024] [ssl:warn] [pid 15552:tid 392] AH01909: www.example.com:443:0 server certificate does NOT include an ID which matches the server name
[Fri Oct 18 21:41:52.312637 2024] [core:warn] [pid 15552:tid 392] AH00098: pid file C:/xampp/apache/logs/httpd.pid overwritten -- Unclean shutdown of previous Apache run?
[Fri Oct 18 21:41:52.314610 2024] [ssl:warn] [pid 15552:tid 392] AH01909: www.example.com:443:0 server certificate does NOT include an ID which matches the server name
PHP Warning:  PHP Startup: Unable to load dynamic library 'oci8_12c' (tried: C:\\xampp\\php\\ext\\oci8_12c (No se puede encontrar el m\xc3\xb3dulo especificado), C:\\xampp\\php\\ext\\php_oci8_12c.dll (No se puede encontrar el m\xc3\xb3dulo especificado)) in Unknown on line 0
[Fri Oct 18 21:41:52.611166 2024] [mpm_winnt:notice] [pid 15552:tid 392] AH00455: Apache/2.4.58 (Win64) OpenSSL/3.1.3 PHP/8.0.30 configured -- resuming normal operations
[Fri Oct 18 21:41:52.611166 2024] [mpm_winnt:notice] [pid 15552:tid 392] AH00456: Apache Lounge VS17 Server built: Oct 18 2023 13:03:18
[Fri Oct 18 21:41:52.611166 2024] [core:notice] [pid 15552:tid 392] AH00094: Command line: 'c:\\xampp\\apache\\bin\\httpd.exe -d C:/xampp/apache'
[Fri Oct 18 21:41:52.615164 2024] [mpm_winnt:notice] [pid 15552:tid 392] AH00418: Parent: Created child process 15744
[Fri Oct 18 21:41:52.829266 2024] [ssl:warn] [pid 15744:tid 392] AH01909: www.example.com:443:0 server certificate does NOT include an ID which matches the server name
[Fri Oct 18 21:41:52.849643 2024] [ssl:warn] [pid 15744:tid 392] AH01909: www.example.com:443:0 server certificate does NOT include an ID which matches the server name
PHP Warning:  PHP Startup: Unable to load dynamic library 'oci8_12c' (tried: C:\\xampp\\php\\ext\\oci8_12c (No se puede encontrar el m\xc3\xb3dulo especificado), C:\\xampp\\php\\ext\\php_oci8_12c.dll (No se puede encontrar el m\xc3\xb3dulo especificado)) in Unknown on line 0
[Fri Oct 18 21:41:52.868263 2024] [mpm_winnt:notice] [pid 15744:tid 392] AH00354: Child: Starting 150 worker threads.
[Fri Oct 18 21:44:05.587807 2024] [php:warn] [pid 15744:tid 2004] [client ::1:49980] PHP Warning:  oci_execute(): ORA-00904: &quot;COMPLEMENTODIRECCION&quot;: identificador no v\xef\xbf\xbdlido in C:\\xampp\\htdocs\\HotelMonaco\\Php\\modificarHuesped.php on line 36
[Fri Oct 18 21:44:05.588809 2024] [php:warn] [pid 15744:tid 2004] [client ::1:49980] PHP Warning:  oci_fetch_assoc(): ORA-24374: definici\xef\xbf\xbdn no realizada antes de recuperar o de ejecutar y recuperar in C:\\xampp\\htdocs\\HotelMonaco\\Php\\modificarHuesped.php on line 37
[Sat Oct 19 12:28:55.014979 2024] [ssl:warn] [pid 1144:tid 408] AH01909: www.example.com:443:0 server certificate does NOT include an ID which matches the server name
[Sat Oct 19 12:28:55.067825 2024] [core:warn] [pid 1144:tid 408] AH00098: pid file C:/xampp/apache/logs/httpd.pid overwritten -- Unclean shutdown of previous Apache run?
[Sat Oct 19 12:28:55.070823 2024] [ssl:warn] [pid 1144:tid 408] AH01909: www.example.com:443:0 server certificate does NOT include an ID which matches the server name
PHP Warning:  PHP Startup: Unable to load dynamic library 'oci8_12c' (tried: C:\\xampp\\php\\ext\\oci8_12c (No se puede encontrar el m\xc3\xb3dulo especificado), C:\\xampp\\php\\ext\\php_oci8_12c.dll (No se puede encontrar el m\xc3\xb3dulo especificado)) in Unknown on line 0
[Sat Oct 19 12:28:55.737971 2024] [mpm_winnt:notice] [pid 1144:tid 408] AH00455: Apache/2.4.58 (Win64) OpenSSL/3.1.3 PHP/8.0.30 configured -- resuming normal operations
[Sat Oct 19 12:28:55.737971 2024] [mpm_winnt:notice] [pid 1144:tid 408] AH00456: Apache Lounge VS17 Server built: Oct 18 2023 13:03:18
[Sat Oct 19 12:28:55.737971 2024] [core:notice] [pid 1144:tid 408] AH00094: Command line: 'c:\\xampp\\apache\\bin\\httpd.exe -d C:/xampp/apache'
[Sat Oct 19 12:28:55.744954 2024] [mpm_winnt:notice] [pid 1144:tid 408] AH00418: Parent: Created child process 17160
[Sat Oct 19 12:28:56.087599 2024] [ssl:warn] [pid 17160:tid 436] AH01909: www.example.com:443:0 server certificate does NOT include an ID which matches the server name
[Sat Oct 19 12:28:56.134338 2024] [ssl:warn] [pid 17160:tid 436] AH01909: www.example.com:443:0 server certificate does NOT include an ID which matches the server name
PHP Warning:  PHP Startup: Unable to load dynamic library 'oci8_12c' (tried: C:\\xampp\\php\\ext\\oci8_12c (No se puede encontrar el m\xc3\xb3dulo especificado), C:\\xampp\\php\\ext\\php_oci8_12c.dll (No se puede encontrar el m\xc3\xb3dulo especificado)) in Unknown on line 0
[Sat Oct 19 12:28:56.165984 2024] [mpm_winnt:notice] [pid 17160:tid 436] AH00354: Child: Starting 150 worker threads.
[Sat Oct 19 12:32:21.473126 2024] [php:warn] [pid 17160:tid 2004] [client ::1:52240] PHP Warning:  Undefined array key "DIRECCION" in C:\\xampp\\htdocs\\HotelMonaco\\Php\\modificarHuesped.php on line 51
[Sat Oct 19 12:32:21.476265 2024] [php:warn] [pid 17160:tid 2004] [client ::1:52240] PHP Warning:  oci_execute(): ORA-00904: &quot;DIRECCION&quot;: identificador no v\xef\xbf\xbdlido in C:\\xampp\\htdocs\\HotelMonaco\\Php\\modificarHuesped.php on line 66
[Sat Oct 19 16:17:07.650529 2024] [ssl:warn] [pid 17764:tid 392] AH01909: www.example.com:443:0 server certificate does NOT include an ID which matches the server name
[Sat Oct 19 16:17:07.693689 2024] [core:warn] [pid 17764:tid 392] AH00098: pid file C:/xampp/apache/logs/httpd.pid overwritten -- Unclean shutdown of previous Apache run?
[Sat Oct 19 16:17:07.695689 2024] [ssl:warn] [pid 17764:tid 392] AH01909: www.example.com:443:0 server certificate does NOT include an ID which matches the server name
PHP Warning:  PHP Startup: Unable to load dynamic library 'oci8_12c' (tried: C:\\xampp\\php\\ext\\oci8_12c (No se puede encontrar el m\xc3\xb3dulo especificado), C:\\xampp\\php\\ext\\php_oci8_12c.dll (No se puede encontrar el m\xc3\xb3dulo especificado)) in Unknown on line 0
[Sat Oct 19 16:17:08.303255 2024] [mpm_winnt:notice] [pid 17764:tid 392] AH00455: Apache/2.4.58 (Win64) OpenSSL/3.1.3 PHP/8.0.30 configured -- resuming normal operations
[Sat Oct 19 16:17:08.303255 2024] [mpm_winnt:notice] [pid 17764:tid 392] AH00456: Apache Lounge VS17 Server built: Oct 18 2023 13:03:18
[Sat Oct 19 16:17:08.303255 2024] [core:notice] [pid 17764:tid 392] AH00094: Command line: 'c:\\xampp\\apache\\bin\\httpd.exe -d C:/xampp/apache'
[Sat Oct 19 16:17:08.309502 2024] [mpm_winnt:notice] [pid 17764:tid 392] AH00418: Parent: Created child process 18948
[Sat Oct 19 16:17:08.662952 2024] [ssl:warn] [pid 18948:tid 400] AH01909: www.example.com:443:0 server certificate does NOT include an ID which matches the server name
[Sat Oct 19 16:17:08.699476 2024] [ssl:warn] [pid 18948:tid 400] AH01909: www.example.com:443:0 server certificate does NOT include an ID which matches the server name
PHP Warning:  PHP Startup: Unable to load dynamic library 'oci8_12c' (tried: C:\\xampp\\php\\ext\\oci8_12c (No se puede encontrar el m\xc3\xb3dulo especificado), C:\\xampp\\php\\ext\\php_oci8_12c.dll (No se puede encontrar el m\xc3\xb3dulo especificado)) in Unknown on line 0
[Sat Oct 19 16:17:08.731155 2024] [mpm_winnt:notice] [pid 18948:tid 400] AH00354: Child: Starting 150 worker threads.
[Sat Oct 19 16:38:36.291020 2024] [php:warn] [pid 18948:tid 1956] [client ::1:55404] PHP Warning:  oci_execute(): ORA-01722: n\xef\xbf\xbdmero no v\xef\xbf\xbdlido in C:\\xampp\\htdocs\\HotelMonaco\\Php\\ConsultarInformaciosHuesped.php on line 30
[Sat Oct 19 16:38:36.292093 2024] [php:warn] [pid 18948:tid 1956] [client ::1:55404] PHP Warning:  oci_fetch_assoc(): ORA-24374: definici\xef\xbf\xbdn no realizada antes de recuperar o de ejecutar y recuperar in C:\\xampp\\htdocs\\HotelMonaco\\Php\\ConsultarInformaciosHuesped.php on line 32
[Sat Oct 19 16:38:38.114831 2024] [php:warn] [pid 18948:tid 1956] [client ::1:55404] PHP Warning:  oci_execute(): ORA-01722: n\xef\xbf\xbdmero no v\xef\xbf\xbdlido in C:\\xampp\\htdocs\\HotelMonaco\\Php\\ConsultarInformaciosHuesped.php on line 30
[Sat Oct 19 16:38:38.115929 2024] [php:warn] [pid 18948:tid 1956] [client ::1:55404] PHP Warning:  oci_fetch_assoc(): ORA-24374: definici\xef\xbf\xbdn no realizada antes de recuperar o de ejecutar y recuperar in C:\\xampp\\htdocs\\HotelMonaco\\Php\\ConsultarInformaciosHuesped.php on line 32
[Sat Oct 19 16:41:08.677308 2024] [php:warn] [pid 18948:tid 1956] [client ::1:55480] PHP Warning:  oci_execute(): ORA-01722: n\xef\xbf\xbdmero no v\xef\xbf\xbdlido in C:\\xampp\\htdocs\\HotelMonaco\\Php\\ConsultarInformaciosHuesped.php on line 30
[Sat Oct 19 16:41:08.677308 2024] [php:warn] [pid 18948:tid 1956] [client ::1:55480] PHP Warning:  oci_fetch_assoc(): ORA-24374: definici\xef\xbf\xbdn no realizada antes de recuperar o de ejecutar y recuperar in C:\\xampp\\htdocs\\HotelMonaco\\Php\\ConsultarInformaciosHuesped.php on line 32
[Sat Oct 19 16:41:09.312130 2024] [php:warn] [pid 18948:tid 1956] [client ::1:55480] PHP Warning:  oci_execute(): ORA-01722: n\xef\xbf\xbdmero no v\xef\xbf\xbdlido in C:\\xampp\\htdocs\\HotelMonaco\\Php\\ConsultarInformaciosHuesped.php on line 30
[Sat Oct 19 16:41:09.312130 2024] [php:warn] [pid 18948:tid 1956] [client ::1:55480] PHP Warning:  oci_fetch_assoc(): ORA-24374: definici\xef\xbf\xbdn no realizada antes de recuperar o de ejecutar y recuperar in C:\\xampp\\htdocs\\HotelMonaco\\Php\\ConsultarInformaciosHuesped.php on line 32
[Sat Oct 19 16:41:09.605190 2024] [php:warn] [pid 18948:tid 1956] [client ::1:55480] PHP Warning:  oci_execute(): ORA-01722: n\xef\xbf\xbdmero no v\xef\xbf\xbdlido in C:\\xampp\\htdocs\\HotelMonaco\\Php\\ConsultarInformaciosHuesped.php on line 30
[Sat Oct 19 16:41:09.605190 2024] [php:warn] [pid 18948:tid 1956] [client ::1:55480] PHP Warning:  oci_fetch_assoc(): ORA-24374: definici\xef\xbf\xbdn no realizada antes de recuperar o de ejecutar y recuperar in C:\\xampp\\htdocs\\HotelMonaco\\Php\\ConsultarInformaciosHuesped.php on line 32
[Tue Oct 22 15:35:42.000694 2024] [ssl:warn] [pid 9364:tid 408] AH01909: www.example.com:443:0 server certificate does NOT include an ID which matches the server name
[Tue Oct 22 15:35:42.049298 2024] [core:warn] [pid 9364:tid 408] AH00098: pid file C:/xampp/apache/logs/httpd.pid overwritten -- Unclean shutdown of previous Apache run?
[Tue Oct 22 15:35:42.052290 2024] [ssl:warn] [pid 9364:tid 408] AH01909: www.example.com:443:0 server certificate does NOT include an ID which matches the server name
PHP Warning:  PHP Startup: Unable to load dynamic library 'oci8_12c' (tried: C:\\xampp\\php\\ext\\oci8_12c (No se puede encontrar el m\xc3\xb3dulo especificado), C:\\xampp\\php\\ext\\php_oci8_12c.dll (No se puede encontrar el m\xc3\xb3dulo especificado)) in Unknown on line 0
[Tue Oct 22 15:35:42.689676 2024] [mpm_winnt:notice] [pid 9364:tid 408] AH00455: Apache/2.4.58 (Win64) OpenSSL/3.1.3 PHP/8.0.30 configured -- resuming normal operations
[Tue Oct 22 15:35:42.689676 2024] [mpm_winnt:notice] [pid 9364:tid 408] AH00456: Apache Lounge VS17 Server built: Oct 18 2023 13:03:18
[Tue Oct 22 15:35:42.689676 2024] [core:notice] [pid 9364:tid 408] AH00094: Command line: 'c:\\xampp\\apache\\bin\\httpd.exe -d C:/xampp/apache'
[Tue Oct 22 15:35:42.695775 2024] [mpm_winnt:notice] [pid 9364:tid 408] AH00418: Parent: Created child process 2332
[Tue Oct 22 15:35:43.154603 2024] [ssl:warn] [pid 2332:tid 388] AH01909: www.example.com:443:0 server certificate does NOT include an ID which matches the server name
[Tue Oct 22 15:35:43.217963 2024] [ssl:warn] [pid 2332:tid 388] AH01909: www.example.com:443:0 server certificate does NOT include an ID which matches the server name
PHP Warning:  PHP Startup: Unable to load dynamic library 'oci8_12c' (tried: C:\\xampp\\php\\ext\\oci8_12c (No se puede encontrar el m\xc3\xb3dulo especificado), C:\\xampp\\php\\ext\\php_oci8_12c.dll (No se puede encontrar el m\xc3\xb3dulo especificado)) in Unknown on line 0
[Tue Oct 22 15:35:43.262007 2024] [mpm_winnt:notice] [pid 2332:tid 388] AH00354: Child: Starting 150 worker threads.
[Wed Nov 06 18:36:30.340120 2024] [ssl:warn] [pid 26984:tid 420] AH01909: www.example.com:443:0 server certificate does NOT include an ID which matches the server name
[Wed Nov 06 18:36:30.371612 2024] [core:warn] [pid 26984:tid 420] AH00098: pid file C:/xampp/apache/logs/httpd.pid overwritten -- Unclean shutdown of previous Apache run?
[Wed Nov 06 18:36:30.373720 2024] [ssl:warn] [pid 26984:tid 420] AH01909: www.example.com:443:0 server certificate does NOT include an ID which matches the server name
PHP Warning:  PHP Startup: Unable to load dynamic library 'oci8_12c' (tried: C:\\xampp\\php\\ext\\oci8_12c (No se puede encontrar el m\xc3\xb3dulo especificado), C:\\xampp\\php\\ext\\php_oci8_12c.dll (No se puede encontrar el m\xc3\xb3dulo especificado)) in Unknown on line 0
[Wed Nov 06 18:36:30.808223 2024] [mpm_winnt:notice] [pid 26984:tid 420] AH00455: Apache/2.4.58 (Win64) OpenSSL/3.1.3 PHP/8.0.30 configured -- resuming normal operations
[Wed Nov 06 18:36:30.808223 2024] [mpm_winnt:notice] [pid 26984:tid 420] AH00456: Apache Lounge VS17 Server built: Oct 18 2023 13:03:18
[Wed Nov 06 18:36:30.808223 2024] [core:notice] [pid 26984:tid 420] AH00094: Command line: 'c:\\xampp\\apache\\bin\\httpd.exe -d C:/xampp/apache'
[Wed Nov 06 18:36:30.812223 2024] [mpm_winnt:notice] [pid 26984:tid 420] AH00418: Parent: Created child process 31364
[Wed Nov 06 18:36:31.028046 2024] [ssl:warn] [pid 31364:tid 216] AH01909: www.example.com:443:0 server certificate does NOT include an ID which matches the server name
[Wed Nov 06 18:36:31.049829 2024] [ssl:warn] [pid 31364:tid 216] AH01909: www.example.com:443:0 server certificate does NOT include an ID which matches the server name
PHP Warning:  PHP Startup: Unable to load dynamic library 'oci8_12c' (tried: C:\\xampp\\php\\ext\\oci8_12c (No se puede encontrar el m\xc3\xb3dulo especificado), C:\\xampp\\php\\ext\\php_oci8_12c.dll (No se puede encontrar el m\xc3\xb3dulo especificado)) in Unknown on line 0
[Wed Nov 06 18:36:31.069304 2024] [mpm_winnt:notice] [pid 31364:tid 216] AH00354: Child: Starting 150 worker threads.
